# JRE version: Java(TM) SE Runtime Environment (8.0_211-b12) (build 1.8.0_211-b12)
# Java VM: Java HotSpot(TM) 64-Bit Server VM (25.211-b12 mixed mode bsd-amd64 compressed oops)
Heap:
 PSYoungGen      total 330752K, used 92917K [0x00000007aab00000, 0x00000007c0000000, 0x00000007c0000000)
  eden space 312832K, 27% used [0x00000007aab00000,0x00000007b0073d30,0x00000007bdc80000)
  from space 17920K, 30% used [0x00000007bdc80000,0x00000007be1c9718,0x00000007bee00000)
  to   space 17920K, 0% used [0x00000007bee80000,0x00000007bee80000,0x00000007c0000000)
 ParOldGen       total 116736K, used 25346K [0x0000000780000000, 0x0000000787200000, 0x00000007aab00000)
  object space 116736K, 21% used [0x0000000780000000,0x00000007818c0b28,0x0000000787200000)
 Metaspace       used 81095K, capacity 82180K, committed 82456K, reserved 1120256K
  class space    used 12017K, capacity 12242K, committed 12336K, reserved 1048576K
GC Heap History (10 events):
Event: 15.000 GC heap before
{Heap before GC invocations=18 (full 3):
 PSYoungGen      total 329728K, used 329698K [0x00000007aab00000, 0x00000007c0000000, 0x00000007c0000000)
  eden space 315392K, 100% used [0x00000007aab00000,0x00000007bdf00000,0x00000007bdf00000)
  from space 14336K, 99% used [0x00000007bf200000,0x00000007bfff8b40,0x00000007c0000000)
  to   space 16896K, 0% used [0x00000007bdf00000,0x00000007bdf00000,0x00000007bef80000)
 ParOldGen       total 116736K, used 22073K [0x0000000780000000, 0x0000000787200000, 0x00000007aab00000)
  object space 116736K, 18% used [0x0000000780000000,0x000000078158e6d0,0x0000000787200000)
 Metaspace       used 75768K, capacity 76554K, committed 76824K, reserved 1114112K
  class space    used 11349K, capacity 11542K, committed 11568K, reserved 1048576K
Event: 15.016 GC heap after
Heap after GC invocations=18 (full 3):
 PSYoungGen      total 330240K, used 14661K [0x00000007aab00000, 0x00000007c0000000, 0x00000007c0000000)
  eden space 315392K, 0% used [0x00000007aab00000,0x00000007aab00000,0x00000007bdf00000)
  from space 14848K, 98% used [0x00000007bdf00000,0x00000007bed51400,0x00000007bed80000)
  to   space 18432K, 0% used [0x00000007bee00000,0x00000007bee00000,0x00000007c0000000)
 ParOldGen       total 116736K, used 25314K [0x0000000780000000, 0x0000000787200000, 0x00000007aab00000)
  object space 116736K, 21% used [0x0000000780000000,0x00000007818b8b28,0x0000000787200000)
 Metaspace       used 75768K, capacity 76554K, committed 76824K, reserved 1114112K
  class space    used 11349K, capacity 11542K, committed 11568K, reserved 1048576K
}
Event: 16.104 GC heap before
{Heap before GC invocations=19 (full 3):
 PSYoungGen      total 330240K, used 330053K [0x00000007aab00000, 0x00000007c0000000, 0x00000007c0000000)
  eden space 315392K, 100% used [0x00000007aab00000,0x00000007bdf00000,0x00000007bdf00000)
  from space 14848K, 98% used [0x00000007bdf00000,0x00000007bed51400,0x00000007bed80000)
  to   space 18432K, 0% used [0x00000007bee00000,0x00000007bee00000,0x00000007c0000000)
 ParOldGen       total 116736K, used 25314K [0x0000000780000000, 0x0000000787200000, 0x00000007aab00000)
  object space 116736K, 21% used [0x0000000780000000,0x00000007818b8b28,0x0000000787200000)
 Metaspace       used 77750K, capacity 78584K, committed 78872K, reserved 1116160K
  class space    used 11590K, capacity 11774K, committed 11824K, reserved 1048576K
Event: 16.112 GC heap after
Heap after GC invocations=19 (full 3):
 PSYoungGen      total 331264K, used 6231K [0x00000007aab00000, 0x00000007c0000000, 0x00000007c0000000)
  eden space 312832K, 0% used [0x00000007aab00000,0x00000007aab00000,0x00000007bdc80000)
  from space 18432K, 33% used [0x00000007bee00000,0x00000007bf415e18,0x00000007c0000000)
  to   space 17920K, 0% used [0x00000007bdc80000,0x00000007bdc80000,0x00000007bee00000)
 ParOldGen       total 116736K, used 25322K [0x0000000780000000, 0x0000000787200000, 0x00000007aab00000)
  object space 116736K, 21% used [0x0000000780000000,0x00000007818bab28,0x0000000787200000)
 Metaspace       used 77750K, capacity 78584K, committed 78872K, reserved 1116160K
  class space    used 11590K, capacity 11774K, committed 11824K, reserved 1048576K
}
Event: 16.867 GC heap before
{Heap before GC invocations=20 (full 3):
 PSYoungGen      total 331264K, used 319063K [0x00000007aab00000, 0x00000007c0000000, 0x00000007c0000000)
  eden space 312832K, 100% used [0x00000007aab00000,0x00000007bdc80000,0x00000007bdc80000)
  from space 18432K, 33% used [0x00000007bee00000,0x00000007bf415e18,0x00000007c0000000)
  to   space 17920K, 0% used [0x00000007bdc80000,0x00000007bdc80000,0x00000007bee00000)
 ParOldGen       total 116736K, used 25322K [0x0000000780000000, 0x0000000787200000, 0x00000007aab00000)
  object space 116736K, 21% used [0x0000000780000000,0x00000007818bab28,0x0000000787200000)
 Metaspace       used 79675K, capacity 80660K, committed 80920K, reserved 1118208K
  class space    used 11841K, capacity 12051K, committed 12080K, reserved 1048576K
Event: 16.873 GC heap after
Heap after GC invocations=20 (full 3):
 PSYoungGen      total 330752K, used 12522K [0x00000007aab00000, 0x00000007c0000000, 0x00000007c0000000)
  eden space 312832K, 0% used [0x00000007aab00000,0x00000007aab00000,0x00000007bdc80000)
  from space 17920K, 69% used [0x00000007bdc80000,0x00000007be8baae0,0x00000007bee00000)
  to   space 18432K, 0% used [0x00000007bee00000,0x00000007bee00000,0x00000007c0000000)
 ParOldGen       total 116736K, used 25330K [0x0000000780000000, 0x0000000787200000, 0x00000007aab00000)
  object space 116736K, 21% used [0x0000000780000000,0x00000007818bcb28,0x0000000787200000)
 Metaspace       used 79675K, capacity 80660K, committed 80920K, reserved 1118208K
  class space    used 11841K, capacity 12051K, committed 12080K, reserved 1048576K
}
Event: 17.435 GC heap before
{Heap before GC invocations=21 (full 3):
 PSYoungGen      total 330752K, used 325354K [0x00000007aab00000, 0x00000007c0000000, 0x00000007c0000000)
  eden space 312832K, 100% used [0x00000007aab00000,0x00000007bdc80000,0x00000007bdc80000)
  from space 17920K, 69% used [0x00000007bdc80000,0x00000007be8baae0,0x00000007bee00000)
  to   space 18432K, 0% used [0x00000007bee00000,0x00000007bee00000,0x00000007c0000000)
 ParOldGen       total 116736K, used 25330K [0x0000000780000000, 0x0000000787200000, 0x00000007aab00000)
  object space 116736K, 21% used [0x0000000780000000,0x00000007818bcb28,0x0000000787200000)
 Metaspace       used 79969K, capacity 81020K, committed 81176K, reserved 1118208K
  class space    used 11865K, capacity 12079K, committed 12080K, reserved 1048576K
Event: 17.441 GC heap after
Heap after GC invocations=21 (full 3):
 PSYoungGen      total 330752K, used 10182K [0x00000007aab00000, 0x00000007bff80000, 0x00000007c0000000)
  eden space 312832K, 0% used [0x00000007aab00000,0x00000007aab00000,0x00000007bdc80000)
  from space 17920K, 56% used [0x00000007bee00000,0x00000007bf7f1a00,0x00000007bff80000)
  to   space 17920K, 0% used [0x00000007bdc80000,0x00000007bdc80000,0x00000007bee00000)
 ParOldGen       total 116736K, used 25338K [0x0000000780000000, 0x0000000787200000, 0x00000007aab00000)
  object space 116736K, 21% used [0x0000000780000000,0x00000007818beb28,0x0000000787200000)
 Metaspace       used 79969K, capacity 81020K, committed 81176K, reserved 1118208K
  class space    used 11865K, capacity 12079K, committed 12080K, reserved 1048576K
}
Event: 17.932 GC heap before
{Heap before GC invocations=22 (full 3):
 PSYoungGen      total 330752K, used 323014K [0x00000007aab00000, 0x00000007bff80000, 0x00000007c0000000)
  eden space 312832K, 100% used [0x00000007aab00000,0x00000007bdc80000,0x00000007bdc80000)
  from space 17920K, 56% used [0x00000007bee00000,0x00000007bf7f1a00,0x00000007bff80000)
  to   space 17920K, 0% used [0x00000007bdc80000,0x00000007bdc80000,0x00000007bee00000)
 ParOldGen       total 116736K, used 25338K [0x0000000780000000, 0x0000000787200000, 0x00000007aab00000)
  object space 116736K, 21% used [0x0000000780000000,0x00000007818beb28,0x0000000787200000)
 Metaspace       used 80074K, capacity 81160K, committed 81304K, reserved 1118208K
  class space    used 11866K, capacity 12082K, committed 12208K, reserved 1048576K
Event: 17.937 GC heap after
Heap after GC invocations=22 (full 3):
 PSYoungGen      total 330752K, used 5413K [0x00000007aab00000, 0x00000007c0000000, 0x00000007c0000000)
  eden space 312832K, 0% used [0x00000007aab00000,0x00000007aab00000,0x00000007bdc80000)
  from space 17920K, 30% used [0x00000007bdc80000,0x00000007be1c9718,0x00000007bee00000)
  to   space 17920K, 0% used [0x00000007bee80000,0x00000007bee80000,0x00000007c0000000)
 ParOldGen       total 116736K, used 25346K [0x0000000780000000, 0x0000000787200000, 0x00000007aab00000)
  object space 116736K, 21% used [0x0000000780000000,0x00000007818c0b28,0x0000000787200000)
 Metaspace       used 80074K, capacity 81160K, committed 81304K, reserved 1118208K
  class space    used 11866K, capacity 12082K, committed 12208K, reserved 1048576K
}

